[2024-04-09 05:59:35 +0000] [1] [INFO] Starting gunicorn 21.2.0
[2024-04-09 05:59:35 +0000] [1] [INFO] Listening at: http://0.0.0.0:6000 (1)
[2024-04-09 05:59:35 +0000] [1] [INFO] Using worker: uvicorn.workers.UvicornWorker
[2024-04-09 05:59:35 +0000] [12] [INFO] Booting worker with pid: 12
[2024-04-09 05:59:35 +0000] [12] [INFO] Started server process [12]
[2024-04-09 05:59:35 +0000] [12] [INFO] Waiting for application startup.
[2024-04-09 05:59:35 +0000] [12] [INFO] Application startup complete.
[2024-04-09 06:00:57 +0000] [12] [INFO] Took 2.66s to extract keywords: F1 race,  wake up early,  wathcing F1 race happening
[2024-04-09 06:02:18 +0000] [1] [INFO] Handling signal: term
[2024-04-09 06:02:18 +0000] [12] [INFO] Shutting down
[2024-04-09 06:02:18 +0000] [12] [INFO] Error while closing socket [Errno 9] Bad file descriptor
[2024-04-09 06:02:18 +0000] [12] [INFO] Waiting for application shutdown.
[2024-04-09 06:02:18 +0000] [12] [INFO] Application shutdown complete.
[2024-04-09 06:02:18 +0000] [12] [INFO] Finished server process [12]
[2024-04-09 06:02:18 +0000] [1] [ERROR] Worker (pid:12) was sent SIGTERM!
[2024-04-09 06:02:18 +0000] [1] [INFO] Shutting down: Master
[2024-04-09 06:04:11 +0000] [1] [INFO] Starting gunicorn 21.2.0
[2024-04-09 06:04:11 +0000] [1] [INFO] Listening at: http://0.0.0.0:6000 (1)
[2024-04-09 06:04:11 +0000] [1] [INFO] Using worker: uvicorn.workers.UvicornWorker
[2024-04-09 06:04:11 +0000] [7] [INFO] Booting worker with pid: 7
[2024-04-09 06:04:41 +0000] [7] [INFO] Started server process [7]
[2024-04-09 06:04:41 +0000] [7] [INFO] Waiting for application startup.
[2024-04-09 06:04:41 +0000] [7] [INFO] Application startup complete.
[2024-04-09 06:05:21 +0000] [7] [INFO] Took 2.49s to extract keywords: F1 race,  wake up early,  wathcing F1 race happening
[2024-04-09 06:06:08 +0000] [1] [INFO] Handling signal: term
[2024-04-09 06:06:08 +0000] [7] [INFO] Shutting down
[2024-04-09 06:06:08 +0000] [7] [INFO] Error while closing socket [Errno 9] Bad file descriptor
[2024-04-09 06:06:08 +0000] [7] [INFO] Waiting for application shutdown.
[2024-04-09 06:06:08 +0000] [7] [INFO] Application shutdown complete.
[2024-04-09 06:06:08 +0000] [7] [INFO] Finished server process [7]
[2024-04-09 06:06:08 +0000] [1] [ERROR] Worker (pid:7) was sent SIGTERM!
[2024-04-09 06:06:08 +0000] [1] [INFO] Shutting down: Master
[2024-04-09 06:09:37 +0000] [1] [INFO] Starting gunicorn 21.2.0
[2024-04-09 06:09:37 +0000] [1] [INFO] Listening at: http://0.0.0.0:6000 (1)
[2024-04-09 06:09:37 +0000] [1] [INFO] Using worker: uvicorn.workers.UvicornWorker
[2024-04-09 06:09:37 +0000] [7] [INFO] Booting worker with pid: 7
[2024-04-09 06:09:43 +0000] [7] [INFO] Started server process [7]
[2024-04-09 06:09:43 +0000] [7] [INFO] Waiting for application startup.
[2024-04-09 06:09:43 +0000] [7] [INFO] Application startup complete.
[2024-04-09 06:09:52 +0000] [7] [INFO] Took 2.52s to extract keywords: F1 race,  wake up early,  wathcing F1 race happening
[2024-04-09 06:09:58 +0000] [1] [INFO] Handling signal: term
[2024-04-09 06:09:58 +0000] [7] [INFO] Shutting down
[2024-04-09 06:09:58 +0000] [7] [INFO] Error while closing socket [Errno 9] Bad file descriptor
[2024-04-09 06:09:58 +0000] [7] [INFO] Waiting for application shutdown.
[2024-04-09 06:09:58 +0000] [7] [INFO] Application shutdown complete.
[2024-04-09 06:09:58 +0000] [7] [INFO] Finished server process [7]
[2024-04-09 06:09:58 +0000] [1] [ERROR] Worker (pid:7) was sent SIGTERM!
[2024-04-09 06:09:58 +0000] [1] [INFO] Shutting down: Master
[2024-04-09 06:12:23 +0000] [1] [INFO] Starting gunicorn 21.2.0
[2024-04-09 06:12:23 +0000] [1] [INFO] Listening at: http://0.0.0.0:6000 (1)
[2024-04-09 06:12:23 +0000] [1] [INFO] Using worker: uvicorn.workers.UvicornWorker
[2024-04-09 06:12:23 +0000] [7] [INFO] Booting worker with pid: 7
[2024-04-09 06:12:29 +0000] [7] [INFO] Started server process [7]
[2024-04-09 06:12:29 +0000] [7] [INFO] Waiting for application startup.
[2024-04-09 06:12:29 +0000] [7] [INFO] Application startup complete.
[2024-04-09 06:12:37 +0000] [7] [INFO] Took 2.53s to extract keywords: F1 race,  wake up early,  wathcing F1 race happening
[2024-04-09 06:12:37 +0000] [7] [INFO] Took 2.53s to extract keywords: F1 race,  wake up early,  wathcing F1 race happening
